[
  {
    "line": 2,
    "elements": [
      {
        "start_timestamp": "2021-03-11T03:48:39.293Z",
        "line": 7,
        "name": "Login",
        "description": "",
        "id": "login-travian;login",
        "type": "scenario",
        "keyword": "Cenario",
        "steps": [
          {
            "result": {
              "duration": 6840000000,
              "status": "passed"
            },
            "line": 8,
            "name": "Que estou na pagina de login",
            "match": {
              "location": "executar.LoginTest.que_estou_na_pagina_de_login()"
            },
            "keyword": "Dado "
          },
          {
            "result": {
              "duration": 56000000,
              "status": "passed"
            },
            "line": 9,
            "name": "Digitei o usuario",
            "match": {
              "location": "executar.LoginTest.digitei_o_usuario()"
            },
            "keyword": "E "
          },
          {
            "result": {
              "duration": 46000000,
              "status": "passed"
            },
            "line": 10,
            "name": "Digitei a senha",
            "match": {
              "location": "executar.LoginTest.digitei_a_senha()"
            },
            "keyword": "E "
          },
          {
            "result": {
              "duration": 3110000000,
              "status": "passed"
            },
            "line": 11,
            "name": "Cliquei em entrar",
            "match": {
              "location": "executar.LoginTest.cliquei_em_entrar()"
            },
            "keyword": "E "
          },
          {
            "result": {
              "duration": 43000000,
              "status": "passed"
            },
            "line": 12,
            "name": "Rejeito termos",
            "match": {
              "location": "executar.LoginTest.rejeito_termos()"
            },
            "keyword": "E "
          },
          {
            "result": {
              "duration": 21000000,
              "status": "passed"
            },
            "line": 13,
            "name": "Acesso a pagina Principal",
            "match": {
              "location": "executar.LoginTest.acesso_a_pagina_principal()"
            },
            "keyword": "Entao "
          }
        ]
      },
      {
        "start_timestamp": "2021-03-11T03:48:49.477Z",
        "line": 22,
        "name": "Clicar no campo",
        "description": "",
        "id": "login-travian;clicar-no-campo;;2",
        "type": "scenario",
        "keyword": "Esquema do Cenario",
        "steps": [
          {
            "result": {
              "duration": 1000000,
              "status": "passed"
            },
            "line": 16,
            "name": "loguei na conta",
            "match": {
              "location": "executar.AnaliseCamposTest.loguei_na_conta()"
            },
            "keyword": "Dado "
          },
          {
            "result": {
              "duration": 6430000000,
              "status": "passed"
            },
            "line": 17,
            "name": "cliquei no campo 1",
            "match": {
              "arguments": [
                {
                  "val": "1",
                  "offset": 17
                }
              ],
              "location": "executar.AnaliseCamposTest.cliquei_no_campo(java.lang.Integer)"
            },
            "keyword": "E "
          },
          {
            "result": {
              "error_message": "org.openqa.selenium.NoSuchElementException: no such element: Unable to locate element: {\"method\":\"css selector\",\"selector\":\".urlCampo\"}\n  (Session info: chrome\u003d89.0.4389.72)\nFor documentation on this error, please visit: https://www.seleniumhq.org/exceptions/no_such_element.html\nBuild info: version: \u00273.141.59\u0027, revision: \u0027e82be7d358\u0027, time: \u00272018-11-14T08:17:03\u0027\nSystem info: host: \u0027DESKTOP-A1BRC91\u0027, ip: \u0027192.168.1.5\u0027, os.name: \u0027Windows 10\u0027, os.arch: \u0027amd64\u0027, os.version: \u002710.0\u0027, java.version: \u00271.8.0_281\u0027\nDriver info: org.openqa.selenium.chrome.ChromeDriver\nCapabilities {acceptInsecureCerts: false, browserName: chrome, browserVersion: 89.0.4389.72, chrome: {chromedriverVersion: 89.0.4389.23 (61b08ee2c5002..., userDataDir: C:\\Users\\Turbo\\AppData\\Loca...}, goog:chromeOptions: {debuggerAddress: localhost:64331}, javascriptEnabled: true, networkConnectionEnabled: false, pageLoadStrategy: normal, platform: WINDOWS, platformName: WINDOWS, proxy: Proxy(), setWindowRect: true, strictFileInteractability: false, timeouts: {implicit: 0, pageLoad: 300000, script: 30000}, unhandledPromptBehavior: dismiss and notify, webauthn:extension:largeBlob: true, webauthn:virtualAuthenticators: true}\nSession ID: a898cb2217164175f3bf59d66170779d\n*** Element info: {Using\u003dclass name, value\u003durlCampo}\r\n\tat sun.reflect.NativeConstructorAccessorImpl.newInstance0(Native Method)\r\n\tat sun.reflect.NativeConstructorAccessorImpl.newInstance(NativeConstructorAccessorImpl.java:62)\r\n\tat sun.reflect.DelegatingConstructorAccessorImpl.newInstance(DelegatingConstructorAccessorImpl.java:45)\r\n\tat java.lang.reflect.Constructor.newInstance(Constructor.java:423)\r\n\tat org.openqa.selenium.remote.http.W3CHttpResponseCodec.createException(W3CHttpResponseCodec.java:187)\r\n\tat org.openqa.selenium.remote.http.W3CHttpResponseCodec.decode(W3CHttpResponseCodec.java:122)\r\n\tat org.openqa.selenium.remote.http.W3CHttpResponseCodec.decode(W3CHttpResponseCodec.java:49)\r\n\tat org.openqa.selenium.remote.HttpCommandExecutor.execute(HttpCommandExecutor.java:158)\r\n\tat org.openqa.selenium.remote.service.DriverCommandExecutor.execute(DriverCommandExecutor.java:83)\r\n\tat org.openqa.selenium.remote.RemoteWebDriver.execute(RemoteWebDriver.java:552)\r\n\tat org.openqa.selenium.remote.RemoteWebDriver.findElement(RemoteWebDriver.java:323)\r\n\tat org.openqa.selenium.remote.RemoteWebDriver.findElementByClassName(RemoteWebDriver.java:412)\r\n\tat org.openqa.selenium.By$ByClassName.findElement(By.java:389)\r\n\tat org.openqa.selenium.remote.RemoteWebDriver.findElement(RemoteWebDriver.java:315)\r\n\tat executar.AnaliseCamposTest.valido(AnaliseCamposTest.java:39)\r\n\tat ✽.valido(file:///D:/Desenvolvimento/Ambiente%20Cucumber/NewTravian/src/test/java/funcionalidades/teste.feature:18)\r\n",
              "duration": 75000000,
              "status": "failed"
            },
            "line": 18,
            "name": "valido",
            "match": {
              "location": "executar.AnaliseCamposTest.valido()"
            },
            "keyword": "Entao "
          }
        ]
      },
      {
        "start_timestamp": "2021-03-11T03:48:55.990Z",
        "line": 23,
        "name": "Clicar no campo",
        "description": "",
        "id": "login-travian;clicar-no-campo;;3",
        "type": "scenario",
        "keyword": "Esquema do Cenario",
        "steps": [
          {
            "result": {
              "status": "passed"
            },
            "line": 16,
            "name": "loguei na conta",
            "match": {
              "location": "executar.AnaliseCamposTest.loguei_na_conta()"
            },
            "keyword": "Dado "
          },
          {
            "result": {
              "duration": 6435000000,
              "status": "passed"
            },
            "line": 17,
            "name": "cliquei no campo 2",
            "match": {
              "arguments": [
                {
                  "val": "2",
                  "offset": 17
                }
              ],
              "location": "executar.AnaliseCamposTest.cliquei_no_campo(java.lang.Integer)"
            },
            "keyword": "E "
          },
          {
            "result": {
              "error_message": "org.openqa.selenium.NoSuchElementException: no such element: Unable to locate element: {\"method\":\"css selector\",\"selector\":\".urlCampo\"}\n  (Session info: chrome\u003d89.0.4389.72)\nFor documentation on this error, please visit: https://www.seleniumhq.org/exceptions/no_such_element.html\nBuild info: version: \u00273.141.59\u0027, revision: \u0027e82be7d358\u0027, time: \u00272018-11-14T08:17:03\u0027\nSystem info: host: \u0027DESKTOP-A1BRC91\u0027, ip: \u0027192.168.1.5\u0027, os.name: \u0027Windows 10\u0027, os.arch: \u0027amd64\u0027, os.version: \u002710.0\u0027, java.version: \u00271.8.0_281\u0027\nDriver info: org.openqa.selenium.chrome.ChromeDriver\nCapabilities {acceptInsecureCerts: false, browserName: chrome, browserVersion: 89.0.4389.72, chrome: {chromedriverVersion: 89.0.4389.23 (61b08ee2c5002..., userDataDir: C:\\Users\\Turbo\\AppData\\Loca...}, goog:chromeOptions: {debuggerAddress: localhost:64331}, javascriptEnabled: true, networkConnectionEnabled: false, pageLoadStrategy: normal, platform: WINDOWS, platformName: WINDOWS, proxy: Proxy(), setWindowRect: true, strictFileInteractability: false, timeouts: {implicit: 0, pageLoad: 300000, script: 30000}, unhandledPromptBehavior: dismiss and notify, webauthn:extension:largeBlob: true, webauthn:virtualAuthenticators: true}\nSession ID: a898cb2217164175f3bf59d66170779d\n*** Element info: {Using\u003dclass name, value\u003durlCampo}\r\n\tat sun.reflect.NativeConstructorAccessorImpl.newInstance0(Native Method)\r\n\tat sun.reflect.NativeConstructorAccessorImpl.newInstance(NativeConstructorAccessorImpl.java:62)\r\n\tat sun.reflect.DelegatingConstructorAccessorImpl.newInstance(DelegatingConstructorAccessorImpl.java:45)\r\n\tat java.lang.reflect.Constructor.newInstance(Constructor.java:423)\r\n\tat org.openqa.selenium.remote.http.W3CHttpResponseCodec.createException(W3CHttpResponseCodec.java:187)\r\n\tat org.openqa.selenium.remote.http.W3CHttpResponseCodec.decode(W3CHttpResponseCodec.java:122)\r\n\tat org.openqa.selenium.remote.http.W3CHttpResponseCodec.decode(W3CHttpResponseCodec.java:49)\r\n\tat org.openqa.selenium.remote.HttpCommandExecutor.execute(HttpCommandExecutor.java:158)\r\n\tat org.openqa.selenium.remote.service.DriverCommandExecutor.execute(DriverCommandExecutor.java:83)\r\n\tat org.openqa.selenium.remote.RemoteWebDriver.execute(RemoteWebDriver.java:552)\r\n\tat org.openqa.selenium.remote.RemoteWebDriver.findElement(RemoteWebDriver.java:323)\r\n\tat org.openqa.selenium.remote.RemoteWebDriver.findElementByClassName(RemoteWebDriver.java:412)\r\n\tat org.openqa.selenium.By$ByClassName.findElement(By.java:389)\r\n\tat org.openqa.selenium.remote.RemoteWebDriver.findElement(RemoteWebDriver.java:315)\r\n\tat executar.AnaliseCamposTest.valido(AnaliseCamposTest.java:39)\r\n\tat ✽.valido(file:///D:/Desenvolvimento/Ambiente%20Cucumber/NewTravian/src/test/java/funcionalidades/teste.feature:18)\r\n",
              "duration": 51000000,
              "status": "failed"
            },
            "line": 18,
            "name": "valido",
            "match": {
              "location": "executar.AnaliseCamposTest.valido()"
            },
            "keyword": "Entao "
          }
        ]
      },
      {
        "start_timestamp": "2021-03-11T03:49:02.480Z",
        "line": 24,
        "name": "Clicar no campo",
        "description": "",
        "id": "login-travian;clicar-no-campo;;4",
        "type": "scenario",
        "keyword": "Esquema do Cenario",
        "steps": [
          {
            "result": {
              "duration": 1000000,
              "status": "passed"
            },
            "line": 16,
            "name": "loguei na conta",
            "match": {
              "location": "executar.AnaliseCamposTest.loguei_na_conta()"
            },
            "keyword": "Dado "
          },
          {
            "result": {
              "duration": 6032000000,
              "status": "passed"
            },
            "line": 17,
            "name": "cliquei no campo 3",
            "match": {
              "arguments": [
                {
                  "val": "3",
                  "offset": 17
                }
              ],
              "location": "executar.AnaliseCamposTest.cliquei_no_campo(java.lang.Integer)"
            },
            "keyword": "E "
          },
          {
            "result": {
              "error_message": "org.openqa.selenium.NoSuchElementException: no such element: Unable to locate element: {\"method\":\"css selector\",\"selector\":\".urlCampo\"}\n  (Session info: chrome\u003d89.0.4389.72)\nFor documentation on this error, please visit: https://www.seleniumhq.org/exceptions/no_such_element.html\nBuild info: version: \u00273.141.59\u0027, revision: \u0027e82be7d358\u0027, time: \u00272018-11-14T08:17:03\u0027\nSystem info: host: \u0027DESKTOP-A1BRC91\u0027, ip: \u0027192.168.1.5\u0027, os.name: \u0027Windows 10\u0027, os.arch: \u0027amd64\u0027, os.version: \u002710.0\u0027, java.version: \u00271.8.0_281\u0027\nDriver info: org.openqa.selenium.chrome.ChromeDriver\nCapabilities {acceptInsecureCerts: false, browserName: chrome, browserVersion: 89.0.4389.72, chrome: {chromedriverVersion: 89.0.4389.23 (61b08ee2c5002..., userDataDir: C:\\Users\\Turbo\\AppData\\Loca...}, goog:chromeOptions: {debuggerAddress: localhost:64331}, javascriptEnabled: true, networkConnectionEnabled: false, pageLoadStrategy: normal, platform: WINDOWS, platformName: WINDOWS, proxy: Proxy(), setWindowRect: true, strictFileInteractability: false, timeouts: {implicit: 0, pageLoad: 300000, script: 30000}, unhandledPromptBehavior: dismiss and notify, webauthn:extension:largeBlob: true, webauthn:virtualAuthenticators: true}\nSession ID: a898cb2217164175f3bf59d66170779d\n*** Element info: {Using\u003dclass name, value\u003durlCampo}\r\n\tat sun.reflect.NativeConstructorAccessorImpl.newInstance0(Native Method)\r\n\tat sun.reflect.NativeConstructorAccessorImpl.newInstance(NativeConstructorAccessorImpl.java:62)\r\n\tat sun.reflect.DelegatingConstructorAccessorImpl.newInstance(DelegatingConstructorAccessorImpl.java:45)\r\n\tat java.lang.reflect.Constructor.newInstance(Constructor.java:423)\r\n\tat org.openqa.selenium.remote.http.W3CHttpResponseCodec.createException(W3CHttpResponseCodec.java:187)\r\n\tat org.openqa.selenium.remote.http.W3CHttpResponseCodec.decode(W3CHttpResponseCodec.java:122)\r\n\tat org.openqa.selenium.remote.http.W3CHttpResponseCodec.decode(W3CHttpResponseCodec.java:49)\r\n\tat org.openqa.selenium.remote.HttpCommandExecutor.execute(HttpCommandExecutor.java:158)\r\n\tat org.openqa.selenium.remote.service.DriverCommandExecutor.execute(DriverCommandExecutor.java:83)\r\n\tat org.openqa.selenium.remote.RemoteWebDriver.execute(RemoteWebDriver.java:552)\r\n\tat org.openqa.selenium.remote.RemoteWebDriver.findElement(RemoteWebDriver.java:323)\r\n\tat org.openqa.selenium.remote.RemoteWebDriver.findElementByClassName(RemoteWebDriver.java:412)\r\n\tat org.openqa.selenium.By$ByClassName.findElement(By.java:389)\r\n\tat org.openqa.selenium.remote.RemoteWebDriver.findElement(RemoteWebDriver.java:315)\r\n\tat executar.AnaliseCamposTest.valido(AnaliseCamposTest.java:39)\r\n\tat ✽.valido(file:///D:/Desenvolvimento/Ambiente%20Cucumber/NewTravian/src/test/java/funcionalidades/teste.feature:18)\r\n",
              "duration": 68000000,
              "status": "failed"
            },
            "line": 18,
            "name": "valido",
            "match": {
              "location": "executar.AnaliseCamposTest.valido()"
            },
            "keyword": "Entao "
          }
        ]
      },
      {
        "start_timestamp": "2021-03-11T03:49:08.584Z",
        "line": 25,
        "name": "Clicar no campo",
        "description": "",
        "id": "login-travian;clicar-no-campo;;5",
        "type": "scenario",
        "keyword": "Esquema do Cenario",
        "steps": [
          {
            "result": {
              "duration": 1000000,
              "status": "passed"
            },
            "line": 16,
            "name": "loguei na conta",
            "match": {
              "location": "executar.AnaliseCamposTest.loguei_na_conta()"
            },
            "keyword": "Dado "
          },
          {
            "result": {
              "duration": 6435000000,
              "status": "passed"
            },
            "line": 17,
            "name": "cliquei no campo 4",
            "match": {
              "arguments": [
                {
                  "val": "4",
                  "offset": 17
                }
              ],
              "location": "executar.AnaliseCamposTest.cliquei_no_campo(java.lang.Integer)"
            },
            "keyword": "E "
          },
          {
            "result": {
              "error_message": "org.openqa.selenium.WebDriverException: chrome not reachable\n  (Session info: chrome\u003d89.0.4389.72)\nBuild info: version: \u00273.141.59\u0027, revision: \u0027e82be7d358\u0027, time: \u00272018-11-14T08:17:03\u0027\nSystem info: host: \u0027DESKTOP-A1BRC91\u0027, ip: \u0027192.168.1.5\u0027, os.name: \u0027Windows 10\u0027, os.arch: \u0027amd64\u0027, os.version: \u002710.0\u0027, java.version: \u00271.8.0_281\u0027\nDriver info: org.openqa.selenium.chrome.ChromeDriver\nCapabilities {acceptInsecureCerts: false, browserName: chrome, browserVersion: 89.0.4389.72, chrome: {chromedriverVersion: 89.0.4389.23 (61b08ee2c5002..., userDataDir: C:\\Users\\Turbo\\AppData\\Loca...}, goog:chromeOptions: {debuggerAddress: localhost:64331}, javascriptEnabled: true, networkConnectionEnabled: false, pageLoadStrategy: normal, platform: WINDOWS, platformName: WINDOWS, proxy: Proxy(), setWindowRect: true, strictFileInteractability: false, timeouts: {implicit: 0, pageLoad: 300000, script: 30000}, unhandledPromptBehavior: dismiss and notify, webauthn:extension:largeBlob: true, webauthn:virtualAuthenticators: true}\nSession ID: a898cb2217164175f3bf59d66170779d\n*** Element info: {Using\u003dclass name, value\u003dtitleInHeader}\r\n\tat sun.reflect.NativeConstructorAccessorImpl.newInstance0(Native Method)\r\n\tat sun.reflect.NativeConstructorAccessorImpl.newInstance(NativeConstructorAccessorImpl.java:62)\r\n\tat sun.reflect.DelegatingConstructorAccessorImpl.newInstance(DelegatingConstructorAccessorImpl.java:45)\r\n\tat java.lang.reflect.Constructor.newInstance(Constructor.java:423)\r\n\tat org.openqa.selenium.remote.http.W3CHttpResponseCodec.createException(W3CHttpResponseCodec.java:187)\r\n\tat org.openqa.selenium.remote.http.W3CHttpResponseCodec.decode(W3CHttpResponseCodec.java:122)\r\n\tat org.openqa.selenium.remote.http.W3CHttpResponseCodec.decode(W3CHttpResponseCodec.java:49)\r\n\tat org.openqa.selenium.remote.HttpCommandExecutor.execute(HttpCommandExecutor.java:158)\r\n\tat org.openqa.selenium.remote.service.DriverCommandExecutor.execute(DriverCommandExecutor.java:83)\r\n\tat org.openqa.selenium.remote.RemoteWebDriver.execute(RemoteWebDriver.java:552)\r\n\tat org.openqa.selenium.remote.RemoteWebDriver.findElement(RemoteWebDriver.java:323)\r\n\tat org.openqa.selenium.remote.RemoteWebDriver.findElementByClassName(RemoteWebDriver.java:412)\r\n\tat org.openqa.selenium.By$ByClassName.findElement(By.java:389)\r\n\tat org.openqa.selenium.remote.RemoteWebDriver.findElement(RemoteWebDriver.java:315)\r\n\tat executar.AnaliseCamposTest.valido(AnaliseCamposTest.java:37)\r\n\tat ✽.valido(file:///D:/Desenvolvimento/Ambiente%20Cucumber/NewTravian/src/test/java/funcionalidades/teste.feature:18)\r\n",
              "duration": 12195000000,
              "status": "failed"
            },
            "line": 18,
            "name": "valido",
            "match": {
              "location": "executar.AnaliseCamposTest.valido()"
            },
            "keyword": "Entao "
          }
        ]
      },
      {
        "start_timestamp": "2021-03-11T03:49:27.218Z",
        "line": 26,
        "name": "Clicar no campo",
        "description": "",
        "id": "login-travian;clicar-no-campo;;6",
        "type": "scenario",
        "keyword": "Esquema do Cenario",
        "steps": [
          {
            "result": {
              "status": "passed"
            },
            "line": 16,
            "name": "loguei na conta",
            "match": {
              "location": "executar.AnaliseCamposTest.loguei_na_conta()"
            },
            "keyword": "Dado "
          },
          {
            "result": {
              "error_message": "org.openqa.selenium.WebDriverException: chrome not reachable\n  (Session info: chrome\u003d89.0.4389.72)\nBuild info: version: \u00273.141.59\u0027, revision: \u0027e82be7d358\u0027, time: \u00272018-11-14T08:17:03\u0027\nSystem info: host: \u0027DESKTOP-A1BRC91\u0027, ip: \u0027192.168.1.5\u0027, os.name: \u0027Windows 10\u0027, os.arch: \u0027amd64\u0027, os.version: \u002710.0\u0027, java.version: \u00271.8.0_281\u0027\nDriver info: org.openqa.selenium.chrome.ChromeDriver\nCapabilities {acceptInsecureCerts: false, browserName: chrome, browserVersion: 89.0.4389.72, chrome: {chromedriverVersion: 89.0.4389.23 (61b08ee2c5002..., userDataDir: C:\\Users\\Turbo\\AppData\\Loca...}, goog:chromeOptions: {debuggerAddress: localhost:64331}, javascriptEnabled: true, networkConnectionEnabled: false, pageLoadStrategy: normal, platform: WINDOWS, platformName: WINDOWS, proxy: Proxy(), setWindowRect: true, strictFileInteractability: false, timeouts: {implicit: 0, pageLoad: 300000, script: 30000}, unhandledPromptBehavior: dismiss and notify, webauthn:extension:largeBlob: true, webauthn:virtualAuthenticators: true}\nSession ID: a898cb2217164175f3bf59d66170779d\r\n\tat sun.reflect.NativeConstructorAccessorImpl.newInstance0(Native Method)\r\n\tat sun.reflect.NativeConstructorAccessorImpl.newInstance(NativeConstructorAccessorImpl.java:62)\r\n\tat sun.reflect.DelegatingConstructorAccessorImpl.newInstance(DelegatingConstructorAccessorImpl.java:45)\r\n\tat java.lang.reflect.Constructor.newInstance(Constructor.java:423)\r\n\tat org.openqa.selenium.remote.http.W3CHttpResponseCodec.createException(W3CHttpResponseCodec.java:187)\r\n\tat org.openqa.selenium.remote.http.W3CHttpResponseCodec.decode(W3CHttpResponseCodec.java:122)\r\n\tat org.openqa.selenium.remote.http.W3CHttpResponseCodec.decode(W3CHttpResponseCodec.java:49)\r\n\tat org.openqa.selenium.remote.HttpCommandExecutor.execute(HttpCommandExecutor.java:158)\r\n\tat org.openqa.selenium.remote.service.DriverCommandExecutor.execute(DriverCommandExecutor.java:83)\r\n\tat org.openqa.selenium.remote.RemoteWebDriver.execute(RemoteWebDriver.java:552)\r\n\tat org.openqa.selenium.remote.RemoteWebDriver.get(RemoteWebDriver.java:277)\r\n\tat executar.AnaliseCamposTest.cliquei_no_campo(AnaliseCamposTest.java:21)\r\n\tat ✽.cliquei no campo 5(file:///D:/Desenvolvimento/Ambiente%20Cucumber/NewTravian/src/test/java/funcionalidades/teste.feature:17)\r\n",
              "duration": 12208000000,
              "status": "failed"
            },
            "line": 17,
            "name": "cliquei no campo 5",
            "match": {
              "arguments": [
                {
                  "val": "5",
                  "offset": 17
                }
              ],
              "location": "executar.AnaliseCamposTest.cliquei_no_campo(java.lang.Integer)"
            },
            "keyword": "E "
          },
          {
            "result": {
              "status": "skipped"
            },
            "line": 18,
            "name": "valido",
            "match": {
              "location": "executar.AnaliseCamposTest.valido()"
            },
            "keyword": "Entao "
          }
        ]
      },
      {
        "start_timestamp": "2021-03-11T03:49:39.430Z",
        "line": 27,
        "name": "Clicar no campo",
        "description": "",
        "id": "login-travian;clicar-no-campo;;7",
        "type": "scenario",
        "keyword": "Esquema do Cenario",
        "steps": [
          {
            "result": {
              "status": "passed"
            },
            "line": 16,
            "name": "loguei na conta",
            "match": {
              "location": "executar.AnaliseCamposTest.loguei_na_conta()"
            },
            "keyword": "Dado "
          },
          {
            "result": {
              "error_message": "org.openqa.selenium.WebDriverException: chrome not reachable\n  (Session info: chrome\u003d89.0.4389.72)\nBuild info: version: \u00273.141.59\u0027, revision: \u0027e82be7d358\u0027, time: \u00272018-11-14T08:17:03\u0027\nSystem info: host: \u0027DESKTOP-A1BRC91\u0027, ip: \u0027192.168.1.5\u0027, os.name: \u0027Windows 10\u0027, os.arch: \u0027amd64\u0027, os.version: \u002710.0\u0027, java.version: \u00271.8.0_281\u0027\nDriver info: org.openqa.selenium.chrome.ChromeDriver\nCapabilities {acceptInsecureCerts: false, browserName: chrome, browserVersion: 89.0.4389.72, chrome: {chromedriverVersion: 89.0.4389.23 (61b08ee2c5002..., userDataDir: C:\\Users\\Turbo\\AppData\\Loca...}, goog:chromeOptions: {debuggerAddress: localhost:64331}, javascriptEnabled: true, networkConnectionEnabled: false, pageLoadStrategy: normal, platform: WINDOWS, platformName: WINDOWS, proxy: Proxy(), setWindowRect: true, strictFileInteractability: false, timeouts: {implicit: 0, pageLoad: 300000, script: 30000}, unhandledPromptBehavior: dismiss and notify, webauthn:extension:largeBlob: true, webauthn:virtualAuthenticators: true}\nSession ID: a898cb2217164175f3bf59d66170779d\r\n\tat sun.reflect.NativeConstructorAccessorImpl.newInstance0(Native Method)\r\n\tat sun.reflect.NativeConstructorAccessorImpl.newInstance(NativeConstructorAccessorImpl.java:62)\r\n\tat sun.reflect.DelegatingConstructorAccessorImpl.newInstance(DelegatingConstructorAccessorImpl.java:45)\r\n\tat java.lang.reflect.Constructor.newInstance(Constructor.java:423)\r\n\tat org.openqa.selenium.remote.http.W3CHttpResponseCodec.createException(W3CHttpResponseCodec.java:187)\r\n\tat org.openqa.selenium.remote.http.W3CHttpResponseCodec.decode(W3CHttpResponseCodec.java:122)\r\n\tat org.openqa.selenium.remote.http.W3CHttpResponseCodec.decode(W3CHttpResponseCodec.java:49)\r\n\tat org.openqa.selenium.remote.HttpCommandExecutor.execute(HttpCommandExecutor.java:158)\r\n\tat org.openqa.selenium.remote.service.DriverCommandExecutor.execute(DriverCommandExecutor.java:83)\r\n\tat org.openqa.selenium.remote.RemoteWebDriver.execute(RemoteWebDriver.java:552)\r\n\tat org.openqa.selenium.remote.RemoteWebDriver.get(RemoteWebDriver.java:277)\r\n\tat executar.AnaliseCamposTest.cliquei_no_campo(AnaliseCamposTest.java:21)\r\n\tat ✽.cliquei no campo 6(file:///D:/Desenvolvimento/Ambiente%20Cucumber/NewTravian/src/test/java/funcionalidades/teste.feature:17)\r\n",
              "duration": 12196000000,
              "status": "failed"
            },
            "line": 17,
            "name": "cliquei no campo 6",
            "match": {
              "arguments": [
                {
                  "val": "6",
                  "offset": 17
                }
              ],
              "location": "executar.AnaliseCamposTest.cliquei_no_campo(java.lang.Integer)"
            },
            "keyword": "E "
          },
          {
            "result": {
              "status": "skipped"
            },
            "line": 18,
            "name": "valido",
            "match": {
              "location": "executar.AnaliseCamposTest.valido()"
            },
            "keyword": "Entao "
          }
        ]
      },
      {
        "start_timestamp": "2021-03-11T03:49:51.630Z",
        "line": 28,
        "name": "Clicar no campo",
        "description": "",
        "id": "login-travian;clicar-no-campo;;8",
        "type": "scenario",
        "keyword": "Esquema do Cenario",
        "steps": [
          {
            "result": {
              "status": "passed"
            },
            "line": 16,
            "name": "loguei na conta",
            "match": {
              "location": "executar.AnaliseCamposTest.loguei_na_conta()"
            },
            "keyword": "Dado "
          },
          {
            "result": {
              "error_message": "org.openqa.selenium.WebDriverException: chrome not reachable\n  (Session info: chrome\u003d89.0.4389.72)\nBuild info: version: \u00273.141.59\u0027, revision: \u0027e82be7d358\u0027, time: \u00272018-11-14T08:17:03\u0027\nSystem info: host: \u0027DESKTOP-A1BRC91\u0027, ip: \u0027192.168.1.5\u0027, os.name: \u0027Windows 10\u0027, os.arch: \u0027amd64\u0027, os.version: \u002710.0\u0027, java.version: \u00271.8.0_281\u0027\nDriver info: org.openqa.selenium.chrome.ChromeDriver\nCapabilities {acceptInsecureCerts: false, browserName: chrome, browserVersion: 89.0.4389.72, chrome: {chromedriverVersion: 89.0.4389.23 (61b08ee2c5002..., userDataDir: C:\\Users\\Turbo\\AppData\\Loca...}, goog:chromeOptions: {debuggerAddress: localhost:64331}, javascriptEnabled: true, networkConnectionEnabled: false, pageLoadStrategy: normal, platform: WINDOWS, platformName: WINDOWS, proxy: Proxy(), setWindowRect: true, strictFileInteractability: false, timeouts: {implicit: 0, pageLoad: 300000, script: 30000}, unhandledPromptBehavior: dismiss and notify, webauthn:extension:largeBlob: true, webauthn:virtualAuthenticators: true}\nSession ID: a898cb2217164175f3bf59d66170779d\r\n\tat sun.reflect.NativeConstructorAccessorImpl.newInstance0(Native Method)\r\n\tat sun.reflect.NativeConstructorAccessorImpl.newInstance(NativeConstructorAccessorImpl.java:62)\r\n\tat sun.reflect.DelegatingConstructorAccessorImpl.newInstance(DelegatingConstructorAccessorImpl.java:45)\r\n\tat java.lang.reflect.Constructor.newInstance(Constructor.java:423)\r\n\tat org.openqa.selenium.remote.http.W3CHttpResponseCodec.createException(W3CHttpResponseCodec.java:187)\r\n\tat org.openqa.selenium.remote.http.W3CHttpResponseCodec.decode(W3CHttpResponseCodec.java:122)\r\n\tat org.openqa.selenium.remote.http.W3CHttpResponseCodec.decode(W3CHttpResponseCodec.java:49)\r\n\tat org.openqa.selenium.remote.HttpCommandExecutor.execute(HttpCommandExecutor.java:158)\r\n\tat org.openqa.selenium.remote.service.DriverCommandExecutor.execute(DriverCommandExecutor.java:83)\r\n\tat org.openqa.selenium.remote.RemoteWebDriver.execute(RemoteWebDriver.java:552)\r\n\tat org.openqa.selenium.remote.RemoteWebDriver.get(RemoteWebDriver.java:277)\r\n\tat executar.AnaliseCamposTest.cliquei_no_campo(AnaliseCamposTest.java:21)\r\n\tat ✽.cliquei no campo 7(file:///D:/Desenvolvimento/Ambiente%20Cucumber/NewTravian/src/test/java/funcionalidades/teste.feature:17)\r\n",
              "duration": 12157000000,
              "status": "failed"
            },
            "line": 17,
            "name": "cliquei no campo 7",
            "match": {
              "arguments": [
                {
                  "val": "7",
                  "offset": 17
                }
              ],
              "location": "executar.AnaliseCamposTest.cliquei_no_campo(java.lang.Integer)"
            },
            "keyword": "E "
          },
          {
            "result": {
              "status": "skipped"
            },
            "line": 18,
            "name": "valido",
            "match": {
              "location": "executar.AnaliseCamposTest.valido()"
            },
            "keyword": "Entao "
          }
        ]
      },
      {
        "start_timestamp": "2021-03-11T03:50:03.791Z",
        "line": 29,
        "name": "Clicar no campo",
        "description": "",
        "id": "login-travian;clicar-no-campo;;9",
        "type": "scenario",
        "keyword": "Esquema do Cenario",
        "steps": [
          {
            "result": {
              "status": "passed"
            },
            "line": 16,
            "name": "loguei na conta",
            "match": {
              "location": "executar.AnaliseCamposTest.loguei_na_conta()"
            },
            "keyword": "Dado "
          },
          {
            "result": {
              "error_message": "org.openqa.selenium.WebDriverException: chrome not reachable\n  (Session info: chrome\u003d89.0.4389.72)\nBuild info: version: \u00273.141.59\u0027, revision: \u0027e82be7d358\u0027, time: \u00272018-11-14T08:17:03\u0027\nSystem info: host: \u0027DESKTOP-A1BRC91\u0027, ip: \u0027192.168.1.5\u0027, os.name: \u0027Windows 10\u0027, os.arch: \u0027amd64\u0027, os.version: \u002710.0\u0027, java.version: \u00271.8.0_281\u0027\nDriver info: org.openqa.selenium.chrome.ChromeDriver\nCapabilities {acceptInsecureCerts: false, browserName: chrome, browserVersion: 89.0.4389.72, chrome: {chromedriverVersion: 89.0.4389.23 (61b08ee2c5002..., userDataDir: C:\\Users\\Turbo\\AppData\\Loca...}, goog:chromeOptions: {debuggerAddress: localhost:64331}, javascriptEnabled: true, networkConnectionEnabled: false, pageLoadStrategy: normal, platform: WINDOWS, platformName: WINDOWS, proxy: Proxy(), setWindowRect: true, strictFileInteractability: false, timeouts: {implicit: 0, pageLoad: 300000, script: 30000}, unhandledPromptBehavior: dismiss and notify, webauthn:extension:largeBlob: true, webauthn:virtualAuthenticators: true}\nSession ID: a898cb2217164175f3bf59d66170779d\r\n\tat sun.reflect.NativeConstructorAccessorImpl.newInstance0(Native Method)\r\n\tat sun.reflect.NativeConstructorAccessorImpl.newInstance(NativeConstructorAccessorImpl.java:62)\r\n\tat sun.reflect.DelegatingConstructorAccessorImpl.newInstance(DelegatingConstructorAccessorImpl.java:45)\r\n\tat java.lang.reflect.Constructor.newInstance(Constructor.java:423)\r\n\tat org.openqa.selenium.remote.http.W3CHttpResponseCodec.createException(W3CHttpResponseCodec.java:187)\r\n\tat org.openqa.selenium.remote.http.W3CHttpResponseCodec.decode(W3CHttpResponseCodec.java:122)\r\n\tat org.openqa.selenium.remote.http.W3CHttpResponseCodec.decode(W3CHttpResponseCodec.java:49)\r\n\tat org.openqa.selenium.remote.HttpCommandExecutor.execute(HttpCommandExecutor.java:158)\r\n\tat org.openqa.selenium.remote.service.DriverCommandExecutor.execute(DriverCommandExecutor.java:83)\r\n\tat org.openqa.selenium.remote.RemoteWebDriver.execute(RemoteWebDriver.java:552)\r\n\tat org.openqa.selenium.remote.RemoteWebDriver.get(RemoteWebDriver.java:277)\r\n\tat executar.AnaliseCamposTest.cliquei_no_campo(AnaliseCamposTest.java:21)\r\n\tat ✽.cliquei no campo 8(file:///D:/Desenvolvimento/Ambiente%20Cucumber/NewTravian/src/test/java/funcionalidades/teste.feature:17)\r\n",
              "duration": 12193000000,
              "status": "failed"
            },
            "line": 17,
            "name": "cliquei no campo 8",
            "match": {
              "arguments": [
                {
                  "val": "8",
                  "offset": 17
                }
              ],
              "location": "executar.AnaliseCamposTest.cliquei_no_campo(java.lang.Integer)"
            },
            "keyword": "E "
          },
          {
            "result": {
              "status": "skipped"
            },
            "line": 18,
            "name": "valido",
            "match": {
              "location": "executar.AnaliseCamposTest.valido()"
            },
            "keyword": "Entao "
          }
        ]
      },
      {
        "start_timestamp": "2021-03-11T03:50:15.987Z",
        "line": 30,
        "name": "Clicar no campo",
        "description": "",
        "id": "login-travian;clicar-no-campo;;10",
        "type": "scenario",
        "keyword": "Esquema do Cenario",
        "steps": [
          {
            "result": {
              "status": "passed"
            },
            "line": 16,
            "name": "loguei na conta",
            "match": {
              "location": "executar.AnaliseCamposTest.loguei_na_conta()"
            },
            "keyword": "Dado "
          },
          {
            "result": {
              "error_message": "org.openqa.selenium.WebDriverException: chrome not reachable\n  (Session info: chrome\u003d89.0.4389.72)\nBuild info: version: \u00273.141.59\u0027, revision: \u0027e82be7d358\u0027, time: \u00272018-11-14T08:17:03\u0027\nSystem info: host: \u0027DESKTOP-A1BRC91\u0027, ip: \u0027192.168.1.5\u0027, os.name: \u0027Windows 10\u0027, os.arch: \u0027amd64\u0027, os.version: \u002710.0\u0027, java.version: \u00271.8.0_281\u0027\nDriver info: org.openqa.selenium.chrome.ChromeDriver\nCapabilities {acceptInsecureCerts: false, browserName: chrome, browserVersion: 89.0.4389.72, chrome: {chromedriverVersion: 89.0.4389.23 (61b08ee2c5002..., userDataDir: C:\\Users\\Turbo\\AppData\\Loca...}, goog:chromeOptions: {debuggerAddress: localhost:64331}, javascriptEnabled: true, networkConnectionEnabled: false, pageLoadStrategy: normal, platform: WINDOWS, platformName: WINDOWS, proxy: Proxy(), setWindowRect: true, strictFileInteractability: false, timeouts: {implicit: 0, pageLoad: 300000, script: 30000}, unhandledPromptBehavior: dismiss and notify, webauthn:extension:largeBlob: true, webauthn:virtualAuthenticators: true}\nSession ID: a898cb2217164175f3bf59d66170779d\r\n\tat sun.reflect.NativeConstructorAccessorImpl.newInstance0(Native Method)\r\n\tat sun.reflect.NativeConstructorAccessorImpl.newInstance(NativeConstructorAccessorImpl.java:62)\r\n\tat sun.reflect.DelegatingConstructorAccessorImpl.newInstance(DelegatingConstructorAccessorImpl.java:45)\r\n\tat java.lang.reflect.Constructor.newInstance(Constructor.java:423)\r\n\tat org.openqa.selenium.remote.http.W3CHttpResponseCodec.createException(W3CHttpResponseCodec.java:187)\r\n\tat org.openqa.selenium.remote.http.W3CHttpResponseCodec.decode(W3CHttpResponseCodec.java:122)\r\n\tat org.openqa.selenium.remote.http.W3CHttpResponseCodec.decode(W3CHttpResponseCodec.java:49)\r\n\tat org.openqa.selenium.remote.HttpCommandExecutor.execute(HttpCommandExecutor.java:158)\r\n\tat org.openqa.selenium.remote.service.DriverCommandExecutor.execute(DriverCommandExecutor.java:83)\r\n\tat org.openqa.selenium.remote.RemoteWebDriver.execute(RemoteWebDriver.java:552)\r\n\tat org.openqa.selenium.remote.RemoteWebDriver.get(RemoteWebDriver.java:277)\r\n\tat executar.AnaliseCamposTest.cliquei_no_campo(AnaliseCamposTest.java:21)\r\n\tat ✽.cliquei no campo 9(file:///D:/Desenvolvimento/Ambiente%20Cucumber/NewTravian/src/test/java/funcionalidades/teste.feature:17)\r\n",
              "duration": 12158000000,
              "status": "failed"
            },
            "line": 17,
            "name": "cliquei no campo 9",
            "match": {
              "arguments": [
                {
                  "val": "9",
                  "offset": 17
                }
              ],
              "location": "executar.AnaliseCamposTest.cliquei_no_campo(java.lang.Integer)"
            },
            "keyword": "E "
          },
          {
            "result": {
              "status": "skipped"
            },
            "line": 18,
            "name": "valido",
            "match": {
              "location": "executar.AnaliseCamposTest.valido()"
            },
            "keyword": "Entao "
          }
        ]
      },
      {
        "start_timestamp": "2021-03-11T03:50:28.147Z",
        "line": 31,
        "name": "Clicar no campo",
        "description": "",
        "id": "login-travian;clicar-no-campo;;11",
        "type": "scenario",
        "keyword": "Esquema do Cenario",
        "steps": [
          {
            "result": {
              "duration": 1000000,
              "status": "passed"
            },
            "line": 16,
            "name": "loguei na conta",
            "match": {
              "location": "executar.AnaliseCamposTest.loguei_na_conta()"
            },
            "keyword": "Dado "
          },
          {
            "result": {
              "error_message": "org.openqa.selenium.WebDriverException: chrome not reachable\n  (Session info: chrome\u003d89.0.4389.72)\nBuild info: version: \u00273.141.59\u0027, revision: \u0027e82be7d358\u0027, time: \u00272018-11-14T08:17:03\u0027\nSystem info: host: \u0027DESKTOP-A1BRC91\u0027, ip: \u0027192.168.1.5\u0027, os.name: \u0027Windows 10\u0027, os.arch: \u0027amd64\u0027, os.version: \u002710.0\u0027, java.version: \u00271.8.0_281\u0027\nDriver info: org.openqa.selenium.chrome.ChromeDriver\nCapabilities {acceptInsecureCerts: false, browserName: chrome, browserVersion: 89.0.4389.72, chrome: {chromedriverVersion: 89.0.4389.23 (61b08ee2c5002..., userDataDir: C:\\Users\\Turbo\\AppData\\Loca...}, goog:chromeOptions: {debuggerAddress: localhost:64331}, javascriptEnabled: true, networkConnectionEnabled: false, pageLoadStrategy: normal, platform: WINDOWS, platformName: WINDOWS, proxy: Proxy(), setWindowRect: true, strictFileInteractability: false, timeouts: {implicit: 0, pageLoad: 300000, script: 30000}, unhandledPromptBehavior: dismiss and notify, webauthn:extension:largeBlob: true, webauthn:virtualAuthenticators: true}\nSession ID: a898cb2217164175f3bf59d66170779d\r\n\tat sun.reflect.NativeConstructorAccessorImpl.newInstance0(Native Method)\r\n\tat sun.reflect.NativeConstructorAccessorImpl.newInstance(NativeConstructorAccessorImpl.java:62)\r\n\tat sun.reflect.DelegatingConstructorAccessorImpl.newInstance(DelegatingConstructorAccessorImpl.java:45)\r\n\tat java.lang.reflect.Constructor.newInstance(Constructor.java:423)\r\n\tat org.openqa.selenium.remote.http.W3CHttpResponseCodec.createException(W3CHttpResponseCodec.java:187)\r\n\tat org.openqa.selenium.remote.http.W3CHttpResponseCodec.decode(W3CHttpResponseCodec.java:122)\r\n\tat org.openqa.selenium.remote.http.W3CHttpResponseCodec.decode(W3CHttpResponseCodec.java:49)\r\n\tat org.openqa.selenium.remote.HttpCommandExecutor.execute(HttpCommandExecutor.java:158)\r\n\tat org.openqa.selenium.remote.service.DriverCommandExecutor.execute(DriverCommandExecutor.java:83)\r\n\tat org.openqa.selenium.remote.RemoteWebDriver.execute(RemoteWebDriver.java:552)\r\n\tat org.openqa.selenium.remote.RemoteWebDriver.get(RemoteWebDriver.java:277)\r\n\tat executar.AnaliseCamposTest.cliquei_no_campo(AnaliseCamposTest.java:21)\r\n\tat ✽.cliquei no campo 10(file:///D:/Desenvolvimento/Ambiente%20Cucumber/NewTravian/src/test/java/funcionalidades/teste.feature:17)\r\n",
              "duration": 12195000000,
              "status": "failed"
            },
            "line": 17,
            "name": "cliquei no campo 10",
            "match": {
              "arguments": [
                {
                  "val": "10",
                  "offset": 17
                }
              ],
              "location": "executar.AnaliseCamposTest.cliquei_no_campo(java.lang.Integer)"
            },
            "keyword": "E "
          },
          {
            "result": {
              "status": "skipped"
            },
            "line": 18,
            "name": "valido",
            "match": {
              "location": "executar.AnaliseCamposTest.valido()"
            },
            "keyword": "Entao "
          }
        ]
      },
      {
        "start_timestamp": "2021-03-11T03:50:40.345Z",
        "line": 32,
        "name": "Clicar no campo",
        "description": "",
        "id": "login-travian;clicar-no-campo;;12",
        "type": "scenario",
        "keyword": "Esquema do Cenario",
        "steps": [
          {
            "result": {
              "status": "passed"
            },
            "line": 16,
            "name": "loguei na conta",
            "match": {
              "location": "executar.AnaliseCamposTest.loguei_na_conta()"
            },
            "keyword": "Dado "
          },
          {
            "result": {
              "error_message": "org.openqa.selenium.WebDriverException: chrome not reachable\n  (Session info: chrome\u003d89.0.4389.72)\nBuild info: version: \u00273.141.59\u0027, revision: \u0027e82be7d358\u0027, time: \u00272018-11-14T08:17:03\u0027\nSystem info: host: \u0027DESKTOP-A1BRC91\u0027, ip: \u0027192.168.1.5\u0027, os.name: \u0027Windows 10\u0027, os.arch: \u0027amd64\u0027, os.version: \u002710.0\u0027, java.version: \u00271.8.0_281\u0027\nDriver info: org.openqa.selenium.chrome.ChromeDriver\nCapabilities {acceptInsecureCerts: false, browserName: chrome, browserVersion: 89.0.4389.72, chrome: {chromedriverVersion: 89.0.4389.23 (61b08ee2c5002..., userDataDir: C:\\Users\\Turbo\\AppData\\Loca...}, goog:chromeOptions: {debuggerAddress: localhost:64331}, javascriptEnabled: true, networkConnectionEnabled: false, pageLoadStrategy: normal, platform: WINDOWS, platformName: WINDOWS, proxy: Proxy(), setWindowRect: true, strictFileInteractability: false, timeouts: {implicit: 0, pageLoad: 300000, script: 30000}, unhandledPromptBehavior: dismiss and notify, webauthn:extension:largeBlob: true, webauthn:virtualAuthenticators: true}\nSession ID: a898cb2217164175f3bf59d66170779d\r\n\tat sun.reflect.NativeConstructorAccessorImpl.newInstance0(Native Method)\r\n\tat sun.reflect.NativeConstructorAccessorImpl.newInstance(NativeConstructorAccessorImpl.java:62)\r\n\tat sun.reflect.DelegatingConstructorAccessorImpl.newInstance(DelegatingConstructorAccessorImpl.java:45)\r\n\tat java.lang.reflect.Constructor.newInstance(Constructor.java:423)\r\n\tat org.openqa.selenium.remote.http.W3CHttpResponseCodec.createException(W3CHttpResponseCodec.java:187)\r\n\tat org.openqa.selenium.remote.http.W3CHttpResponseCodec.decode(W3CHttpResponseCodec.java:122)\r\n\tat org.openqa.selenium.remote.http.W3CHttpResponseCodec.decode(W3CHttpResponseCodec.java:49)\r\n\tat org.openqa.selenium.remote.HttpCommandExecutor.execute(HttpCommandExecutor.java:158)\r\n\tat org.openqa.selenium.remote.service.DriverCommandExecutor.execute(DriverCommandExecutor.java:83)\r\n\tat org.openqa.selenium.remote.RemoteWebDriver.execute(RemoteWebDriver.java:552)\r\n\tat org.openqa.selenium.remote.RemoteWebDriver.get(RemoteWebDriver.java:277)\r\n\tat executar.AnaliseCamposTest.cliquei_no_campo(AnaliseCamposTest.java:21)\r\n\tat ✽.cliquei no campo 11(file:///D:/Desenvolvimento/Ambiente%20Cucumber/NewTravian/src/test/java/funcionalidades/teste.feature:17)\r\n",
              "duration": 12169000000,
              "status": "failed"
            },
            "line": 17,
            "name": "cliquei no campo 11",
            "match": {
              "arguments": [
                {
                  "val": "11",
                  "offset": 17
                }
              ],
              "location": "executar.AnaliseCamposTest.cliquei_no_campo(java.lang.Integer)"
            },
            "keyword": "E "
          },
          {
            "result": {
              "status": "skipped"
            },
            "line": 18,
            "name": "valido",
            "match": {
              "location": "executar.AnaliseCamposTest.valido()"
            },
            "keyword": "Entao "
          }
        ]
      },
      {
        "start_timestamp": "2021-03-11T03:50:52.517Z",
        "line": 33,
        "name": "Clicar no campo",
        "description": "",
        "id": "login-travian;clicar-no-campo;;13",
        "type": "scenario",
        "keyword": "Esquema do Cenario",
        "steps": [
          {
            "result": {
              "duration": 1000000,
              "status": "passed"
            },
            "line": 16,
            "name": "loguei na conta",
            "match": {
              "location": "executar.AnaliseCamposTest.loguei_na_conta()"
            },
            "keyword": "Dado "
          },
          {
            "result": {
              "error_message": "org.openqa.selenium.WebDriverException: chrome not reachable\n  (Session info: chrome\u003d89.0.4389.72)\nBuild info: version: \u00273.141.59\u0027, revision: \u0027e82be7d358\u0027, time: \u00272018-11-14T08:17:03\u0027\nSystem info: host: \u0027DESKTOP-A1BRC91\u0027, ip: \u0027192.168.1.5\u0027, os.name: \u0027Windows 10\u0027, os.arch: \u0027amd64\u0027, os.version: \u002710.0\u0027, java.version: \u00271.8.0_281\u0027\nDriver info: org.openqa.selenium.chrome.ChromeDriver\nCapabilities {acceptInsecureCerts: false, browserName: chrome, browserVersion: 89.0.4389.72, chrome: {chromedriverVersion: 89.0.4389.23 (61b08ee2c5002..., userDataDir: C:\\Users\\Turbo\\AppData\\Loca...}, goog:chromeOptions: {debuggerAddress: localhost:64331}, javascriptEnabled: true, networkConnectionEnabled: false, pageLoadStrategy: normal, platform: WINDOWS, platformName: WINDOWS, proxy: Proxy(), setWindowRect: true, strictFileInteractability: false, timeouts: {implicit: 0, pageLoad: 300000, script: 30000}, unhandledPromptBehavior: dismiss and notify, webauthn:extension:largeBlob: true, webauthn:virtualAuthenticators: true}\nSession ID: a898cb2217164175f3bf59d66170779d\r\n\tat sun.reflect.NativeConstructorAccessorImpl.newInstance0(Native Method)\r\n\tat sun.reflect.NativeConstructorAccessorImpl.newInstance(NativeConstructorAccessorImpl.java:62)\r\n\tat sun.reflect.DelegatingConstructorAccessorImpl.newInstance(DelegatingConstructorAccessorImpl.java:45)\r\n\tat java.lang.reflect.Constructor.newInstance(Constructor.java:423)\r\n\tat org.openqa.selenium.remote.http.W3CHttpResponseCodec.createException(W3CHttpResponseCodec.java:187)\r\n\tat org.openqa.selenium.remote.http.W3CHttpResponseCodec.decode(W3CHttpResponseCodec.java:122)\r\n\tat org.openqa.selenium.remote.http.W3CHttpResponseCodec.decode(W3CHttpResponseCodec.java:49)\r\n\tat org.openqa.selenium.remote.HttpCommandExecutor.execute(HttpCommandExecutor.java:158)\r\n\tat org.openqa.selenium.remote.service.DriverCommandExecutor.execute(DriverCommandExecutor.java:83)\r\n\tat org.openqa.selenium.remote.RemoteWebDriver.execute(RemoteWebDriver.java:552)\r\n\tat org.openqa.selenium.remote.RemoteWebDriver.get(RemoteWebDriver.java:277)\r\n\tat executar.AnaliseCamposTest.cliquei_no_campo(AnaliseCamposTest.java:21)\r\n\tat ✽.cliquei no campo 12(file:///D:/Desenvolvimento/Ambiente%20Cucumber/NewTravian/src/test/java/funcionalidades/teste.feature:17)\r\n",
              "duration": 12181000000,
              "status": "failed"
            },
            "line": 17,
            "name": "cliquei no campo 12",
            "match": {
              "arguments": [
                {
                  "val": "12",
                  "offset": 17
                }
              ],
              "location": "executar.AnaliseCamposTest.cliquei_no_campo(java.lang.Integer)"
            },
            "keyword": "E "
          },
          {
            "result": {
              "status": "skipped"
            },
            "line": 18,
            "name": "valido",
            "match": {
              "location": "executar.AnaliseCamposTest.valido()"
            },
            "keyword": "Entao "
          }
        ]
      },
      {
        "start_timestamp": "2021-03-11T03:51:04.701Z",
        "line": 34,
        "name": "Clicar no campo",
        "description": "",
        "id": "login-travian;clicar-no-campo;;14",
        "type": "scenario",
        "keyword": "Esquema do Cenario",
        "steps": [
          {
            "result": {
              "status": "passed"
            },
            "line": 16,
            "name": "loguei na conta",
            "match": {
              "location": "executar.AnaliseCamposTest.loguei_na_conta()"
            },
            "keyword": "Dado "
          },
          {
            "result": {
              "error_message": "org.openqa.selenium.WebDriverException: chrome not reachable\n  (Session info: chrome\u003d89.0.4389.72)\nBuild info: version: \u00273.141.59\u0027, revision: \u0027e82be7d358\u0027, time: \u00272018-11-14T08:17:03\u0027\nSystem info: host: \u0027DESKTOP-A1BRC91\u0027, ip: \u0027192.168.1.5\u0027, os.name: \u0027Windows 10\u0027, os.arch: \u0027amd64\u0027, os.version: \u002710.0\u0027, java.version: \u00271.8.0_281\u0027\nDriver info: org.openqa.selenium.chrome.ChromeDriver\nCapabilities {acceptInsecureCerts: false, browserName: chrome, browserVersion: 89.0.4389.72, chrome: {chromedriverVersion: 89.0.4389.23 (61b08ee2c5002..., userDataDir: C:\\Users\\Turbo\\AppData\\Loca...}, goog:chromeOptions: {debuggerAddress: localhost:64331}, javascriptEnabled: true, networkConnectionEnabled: false, pageLoadStrategy: normal, platform: WINDOWS, platformName: WINDOWS, proxy: Proxy(), setWindowRect: true, strictFileInteractability: false, timeouts: {implicit: 0, pageLoad: 300000, script: 30000}, unhandledPromptBehavior: dismiss and notify, webauthn:extension:largeBlob: true, webauthn:virtualAuthenticators: true}\nSession ID: a898cb2217164175f3bf59d66170779d\r\n\tat sun.reflect.NativeConstructorAccessorImpl.newInstance0(Native Method)\r\n\tat sun.reflect.NativeConstructorAccessorImpl.newInstance(NativeConstructorAccessorImpl.java:62)\r\n\tat sun.reflect.DelegatingConstructorAccessorImpl.newInstance(DelegatingConstructorAccessorImpl.java:45)\r\n\tat java.lang.reflect.Constructor.newInstance(Constructor.java:423)\r\n\tat org.openqa.selenium.remote.http.W3CHttpResponseCodec.createException(W3CHttpResponseCodec.java:187)\r\n\tat org.openqa.selenium.remote.http.W3CHttpResponseCodec.decode(W3CHttpResponseCodec.java:122)\r\n\tat org.openqa.selenium.remote.http.W3CHttpResponseCodec.decode(W3CHttpResponseCodec.java:49)\r\n\tat org.openqa.selenium.remote.HttpCommandExecutor.execute(HttpCommandExecutor.java:158)\r\n\tat org.openqa.selenium.remote.service.DriverCommandExecutor.execute(DriverCommandExecutor.java:83)\r\n\tat org.openqa.selenium.remote.RemoteWebDriver.execute(RemoteWebDriver.java:552)\r\n\tat org.openqa.selenium.remote.RemoteWebDriver.get(RemoteWebDriver.java:277)\r\n\tat executar.AnaliseCamposTest.cliquei_no_campo(AnaliseCamposTest.java:21)\r\n\tat ✽.cliquei no campo 13(file:///D:/Desenvolvimento/Ambiente%20Cucumber/NewTravian/src/test/java/funcionalidades/teste.feature:17)\r\n",
              "duration": 12171000000,
              "status": "failed"
            },
            "line": 17,
            "name": "cliquei no campo 13",
            "match": {
              "arguments": [
                {
                  "val": "13",
                  "offset": 17
                }
              ],
              "location": "executar.AnaliseCamposTest.cliquei_no_campo(java.lang.Integer)"
            },
            "keyword": "E "
          },
          {
            "result": {
              "status": "skipped"
            },
            "line": 18,
            "name": "valido",
            "match": {
              "location": "executar.AnaliseCamposTest.valido()"
            },
            "keyword": "Entao "
          }
        ]
      },
      {
        "start_timestamp": "2021-03-11T03:51:16.875Z",
        "line": 35,
        "name": "Clicar no campo",
        "description": "",
        "id": "login-travian;clicar-no-campo;;15",
        "type": "scenario",
        "keyword": "Esquema do Cenario",
        "steps": [
          {
            "result": {
              "status": "passed"
            },
            "line": 16,
            "name": "loguei na conta",
            "match": {
              "location": "executar.AnaliseCamposTest.loguei_na_conta()"
            },
            "keyword": "Dado "
          },
          {
            "result": {
              "error_message": "org.openqa.selenium.WebDriverException: chrome not reachable\n  (Session info: chrome\u003d89.0.4389.72)\nBuild info: version: \u00273.141.59\u0027, revision: \u0027e82be7d358\u0027, time: \u00272018-11-14T08:17:03\u0027\nSystem info: host: \u0027DESKTOP-A1BRC91\u0027, ip: \u0027192.168.1.5\u0027, os.name: \u0027Windows 10\u0027, os.arch: \u0027amd64\u0027, os.version: \u002710.0\u0027, java.version: \u00271.8.0_281\u0027\nDriver info: org.openqa.selenium.chrome.ChromeDriver\nCapabilities {acceptInsecureCerts: false, browserName: chrome, browserVersion: 89.0.4389.72, chrome: {chromedriverVersion: 89.0.4389.23 (61b08ee2c5002..., userDataDir: C:\\Users\\Turbo\\AppData\\Loca...}, goog:chromeOptions: {debuggerAddress: localhost:64331}, javascriptEnabled: true, networkConnectionEnabled: false, pageLoadStrategy: normal, platform: WINDOWS, platformName: WINDOWS, proxy: Proxy(), setWindowRect: true, strictFileInteractability: false, timeouts: {implicit: 0, pageLoad: 300000, script: 30000}, unhandledPromptBehavior: dismiss and notify, webauthn:extension:largeBlob: true, webauthn:virtualAuthenticators: true}\nSession ID: a898cb2217164175f3bf59d66170779d\r\n\tat sun.reflect.NativeConstructorAccessorImpl.newInstance0(Native Method)\r\n\tat sun.reflect.NativeConstructorAccessorImpl.newInstance(NativeConstructorAccessorImpl.java:62)\r\n\tat sun.reflect.DelegatingConstructorAccessorImpl.newInstance(DelegatingConstructorAccessorImpl.java:45)\r\n\tat java.lang.reflect.Constructor.newInstance(Constructor.java:423)\r\n\tat org.openqa.selenium.remote.http.W3CHttpResponseCodec.createException(W3CHttpResponseCodec.java:187)\r\n\tat org.openqa.selenium.remote.http.W3CHttpResponseCodec.decode(W3CHttpResponseCodec.java:122)\r\n\tat org.openqa.selenium.remote.http.W3CHttpResponseCodec.decode(W3CHttpResponseCodec.java:49)\r\n\tat org.openqa.selenium.remote.HttpCommandExecutor.execute(HttpCommandExecutor.java:158)\r\n\tat org.openqa.selenium.remote.service.DriverCommandExecutor.execute(DriverCommandExecutor.java:83)\r\n\tat org.openqa.selenium.remote.RemoteWebDriver.execute(RemoteWebDriver.java:552)\r\n\tat org.openqa.selenium.remote.RemoteWebDriver.get(RemoteWebDriver.java:277)\r\n\tat executar.AnaliseCamposTest.cliquei_no_campo(AnaliseCamposTest.java:21)\r\n\tat ✽.cliquei no campo 14(file:///D:/Desenvolvimento/Ambiente%20Cucumber/NewTravian/src/test/java/funcionalidades/teste.feature:17)\r\n",
              "duration": 12199000000,
              "status": "failed"
            },
            "line": 17,
            "name": "cliquei no campo 14",
            "match": {
              "arguments": [
                {
                  "val": "14",
                  "offset": 17
                }
              ],
              "location": "executar.AnaliseCamposTest.cliquei_no_campo(java.lang.Integer)"
            },
            "keyword": "E "
          },
          {
            "result": {
              "status": "skipped"
            },
            "line": 18,
            "name": "valido",
            "match": {
              "location": "executar.AnaliseCamposTest.valido()"
            },
            "keyword": "Entao "
          }
        ]
      },
      {
        "start_timestamp": "2021-03-11T03:51:29.077Z",
        "line": 36,
        "name": "Clicar no campo",
        "description": "",
        "id": "login-travian;clicar-no-campo;;16",
        "type": "scenario",
        "keyword": "Esquema do Cenario",
        "steps": [
          {
            "result": {
              "status": "passed"
            },
            "line": 16,
            "name": "loguei na conta",
            "match": {
              "location": "executar.AnaliseCamposTest.loguei_na_conta()"
            },
            "keyword": "Dado "
          },
          {
            "result": {
              "error_message": "org.openqa.selenium.WebDriverException: chrome not reachable\n  (Session info: chrome\u003d89.0.4389.72)\nBuild info: version: \u00273.141.59\u0027, revision: \u0027e82be7d358\u0027, time: \u00272018-11-14T08:17:03\u0027\nSystem info: host: \u0027DESKTOP-A1BRC91\u0027, ip: \u0027192.168.1.5\u0027, os.name: \u0027Windows 10\u0027, os.arch: \u0027amd64\u0027, os.version: \u002710.0\u0027, java.version: \u00271.8.0_281\u0027\nDriver info: org.openqa.selenium.chrome.ChromeDriver\nCapabilities {acceptInsecureCerts: false, browserName: chrome, browserVersion: 89.0.4389.72, chrome: {chromedriverVersion: 89.0.4389.23 (61b08ee2c5002..., userDataDir: C:\\Users\\Turbo\\AppData\\Loca...}, goog:chromeOptions: {debuggerAddress: localhost:64331}, javascriptEnabled: true, networkConnectionEnabled: false, pageLoadStrategy: normal, platform: WINDOWS, platformName: WINDOWS, proxy: Proxy(), setWindowRect: true, strictFileInteractability: false, timeouts: {implicit: 0, pageLoad: 300000, script: 30000}, unhandledPromptBehavior: dismiss and notify, webauthn:extension:largeBlob: true, webauthn:virtualAuthenticators: true}\nSession ID: a898cb2217164175f3bf59d66170779d\r\n\tat sun.reflect.NativeConstructorAccessorImpl.newInstance0(Native Method)\r\n\tat sun.reflect.NativeConstructorAccessorImpl.newInstance(NativeConstructorAccessorImpl.java:62)\r\n\tat sun.reflect.DelegatingConstructorAccessorImpl.newInstance(DelegatingConstructorAccessorImpl.java:45)\r\n\tat java.lang.reflect.Constructor.newInstance(Constructor.java:423)\r\n\tat org.openqa.selenium.remote.http.W3CHttpResponseCodec.createException(W3CHttpResponseCodec.java:187)\r\n\tat org.openqa.selenium.remote.http.W3CHttpResponseCodec.decode(W3CHttpResponseCodec.java:122)\r\n\tat org.openqa.selenium.remote.http.W3CHttpResponseCodec.decode(W3CHttpResponseCodec.java:49)\r\n\tat org.openqa.selenium.remote.HttpCommandExecutor.execute(HttpCommandExecutor.java:158)\r\n\tat org.openqa.selenium.remote.service.DriverCommandExecutor.execute(DriverCommandExecutor.java:83)\r\n\tat org.openqa.selenium.remote.RemoteWebDriver.execute(RemoteWebDriver.java:552)\r\n\tat org.openqa.selenium.remote.RemoteWebDriver.get(RemoteWebDriver.java:277)\r\n\tat executar.AnaliseCamposTest.cliquei_no_campo(AnaliseCamposTest.java:21)\r\n\tat ✽.cliquei no campo 15(file:///D:/Desenvolvimento/Ambiente%20Cucumber/NewTravian/src/test/java/funcionalidades/teste.feature:17)\r\n",
              "duration": 12155000000,
              "status": "failed"
            },
            "line": 17,
            "name": "cliquei no campo 15",
            "match": {
              "arguments": [
                {
                  "val": "15",
                  "offset": 17
                }
              ],
              "location": "executar.AnaliseCamposTest.cliquei_no_campo(java.lang.Integer)"
            },
            "keyword": "E "
          },
          {
            "result": {
              "status": "skipped"
            },
            "line": 18,
            "name": "valido",
            "match": {
              "location": "executar.AnaliseCamposTest.valido()"
            },
            "keyword": "Entao "
          }
        ]
      },
      {
        "start_timestamp": "2021-03-11T03:51:41.235Z",
        "line": 37,
        "name": "Clicar no campo",
        "description": "",
        "id": "login-travian;clicar-no-campo;;17",
        "type": "scenario",
        "keyword": "Esquema do Cenario",
        "steps": [
          {
            "result": {
              "status": "passed"
            },
            "line": 16,
            "name": "loguei na conta",
            "match": {
              "location": "executar.AnaliseCamposTest.loguei_na_conta()"
            },
            "keyword": "Dado "
          },
          {
            "result": {
              "error_message": "org.openqa.selenium.WebDriverException: chrome not reachable\n  (Session info: chrome\u003d89.0.4389.72)\nBuild info: version: \u00273.141.59\u0027, revision: \u0027e82be7d358\u0027, time: \u00272018-11-14T08:17:03\u0027\nSystem info: host: \u0027DESKTOP-A1BRC91\u0027, ip: \u0027192.168.1.5\u0027, os.name: \u0027Windows 10\u0027, os.arch: \u0027amd64\u0027, os.version: \u002710.0\u0027, java.version: \u00271.8.0_281\u0027\nDriver info: org.openqa.selenium.chrome.ChromeDriver\nCapabilities {acceptInsecureCerts: false, browserName: chrome, browserVersion: 89.0.4389.72, chrome: {chromedriverVersion: 89.0.4389.23 (61b08ee2c5002..., userDataDir: C:\\Users\\Turbo\\AppData\\Loca...}, goog:chromeOptions: {debuggerAddress: localhost:64331}, javascriptEnabled: true, networkConnectionEnabled: false, pageLoadStrategy: normal, platform: WINDOWS, platformName: WINDOWS, proxy: Proxy(), setWindowRect: true, strictFileInteractability: false, timeouts: {implicit: 0, pageLoad: 300000, script: 30000}, unhandledPromptBehavior: dismiss and notify, webauthn:extension:largeBlob: true, webauthn:virtualAuthenticators: true}\nSession ID: a898cb2217164175f3bf59d66170779d\r\n\tat sun.reflect.NativeConstructorAccessorImpl.newInstance0(Native Method)\r\n\tat sun.reflect.NativeConstructorAccessorImpl.newInstance(NativeConstructorAccessorImpl.java:62)\r\n\tat sun.reflect.DelegatingConstructorAccessorImpl.newInstance(DelegatingConstructorAccessorImpl.java:45)\r\n\tat java.lang.reflect.Constructor.newInstance(Constructor.java:423)\r\n\tat org.openqa.selenium.remote.http.W3CHttpResponseCodec.createException(W3CHttpResponseCodec.java:187)\r\n\tat org.openqa.selenium.remote.http.W3CHttpResponseCodec.decode(W3CHttpResponseCodec.java:122)\r\n\tat org.openqa.selenium.remote.http.W3CHttpResponseCodec.decode(W3CHttpResponseCodec.java:49)\r\n\tat org.openqa.selenium.remote.HttpCommandExecutor.execute(HttpCommandExecutor.java:158)\r\n\tat org.openqa.selenium.remote.service.DriverCommandExecutor.execute(DriverCommandExecutor.java:83)\r\n\tat org.openqa.selenium.remote.RemoteWebDriver.execute(RemoteWebDriver.java:552)\r\n\tat org.openqa.selenium.remote.RemoteWebDriver.get(RemoteWebDriver.java:277)\r\n\tat executar.AnaliseCamposTest.cliquei_no_campo(AnaliseCamposTest.java:21)\r\n\tat ✽.cliquei no campo 16(file:///D:/Desenvolvimento/Ambiente%20Cucumber/NewTravian/src/test/java/funcionalidades/teste.feature:17)\r\n",
              "duration": 12187000000,
              "status": "failed"
            },
            "line": 17,
            "name": "cliquei no campo 16",
            "match": {
              "arguments": [
                {
                  "val": "16",
                  "offset": 17
                }
              ],
              "location": "executar.AnaliseCamposTest.cliquei_no_campo(java.lang.Integer)"
            },
            "keyword": "E "
          },
          {
            "result": {
              "status": "skipped"
            },
            "line": 18,
            "name": "valido",
            "match": {
              "location": "executar.AnaliseCamposTest.valido()"
            },
            "keyword": "Entao "
          }
        ]
      },
      {
        "start_timestamp": "2021-03-11T03:51:53.425Z",
        "line": 38,
        "name": "Clicar no campo",
        "description": "",
        "id": "login-travian;clicar-no-campo;;18",
        "type": "scenario",
        "keyword": "Esquema do Cenario",
        "steps": [
          {
            "result": {
              "duration": 1000000,
              "status": "passed"
            },
            "line": 16,
            "name": "loguei na conta",
            "match": {
              "location": "executar.AnaliseCamposTest.loguei_na_conta()"
            },
            "keyword": "Dado "
          },
          {
            "result": {
              "error_message": "org.openqa.selenium.WebDriverException: chrome not reachable\n  (Session info: chrome\u003d89.0.4389.72)\nBuild info: version: \u00273.141.59\u0027, revision: \u0027e82be7d358\u0027, time: \u00272018-11-14T08:17:03\u0027\nSystem info: host: \u0027DESKTOP-A1BRC91\u0027, ip: \u0027192.168.1.5\u0027, os.name: \u0027Windows 10\u0027, os.arch: \u0027amd64\u0027, os.version: \u002710.0\u0027, java.version: \u00271.8.0_281\u0027\nDriver info: org.openqa.selenium.chrome.ChromeDriver\nCapabilities {acceptInsecureCerts: false, browserName: chrome, browserVersion: 89.0.4389.72, chrome: {chromedriverVersion: 89.0.4389.23 (61b08ee2c5002..., userDataDir: C:\\Users\\Turbo\\AppData\\Loca...}, goog:chromeOptions: {debuggerAddress: localhost:64331}, javascriptEnabled: true, networkConnectionEnabled: false, pageLoadStrategy: normal, platform: WINDOWS, platformName: WINDOWS, proxy: Proxy(), setWindowRect: true, strictFileInteractability: false, timeouts: {implicit: 0, pageLoad: 300000, script: 30000}, unhandledPromptBehavior: dismiss and notify, webauthn:extension:largeBlob: true, webauthn:virtualAuthenticators: true}\nSession ID: a898cb2217164175f3bf59d66170779d\r\n\tat sun.reflect.NativeConstructorAccessorImpl.newInstance0(Native Method)\r\n\tat sun.reflect.NativeConstructorAccessorImpl.newInstance(NativeConstructorAccessorImpl.java:62)\r\n\tat sun.reflect.DelegatingConstructorAccessorImpl.newInstance(DelegatingConstructorAccessorImpl.java:45)\r\n\tat java.lang.reflect.Constructor.newInstance(Constructor.java:423)\r\n\tat org.openqa.selenium.remote.http.W3CHttpResponseCodec.createException(W3CHttpResponseCodec.java:187)\r\n\tat org.openqa.selenium.remote.http.W3CHttpResponseCodec.decode(W3CHttpResponseCodec.java:122)\r\n\tat org.openqa.selenium.remote.http.W3CHttpResponseCodec.decode(W3CHttpResponseCodec.java:49)\r\n\tat org.openqa.selenium.remote.HttpCommandExecutor.execute(HttpCommandExecutor.java:158)\r\n\tat org.openqa.selenium.remote.service.DriverCommandExecutor.execute(DriverCommandExecutor.java:83)\r\n\tat org.openqa.selenium.remote.RemoteWebDriver.execute(RemoteWebDriver.java:552)\r\n\tat org.openqa.selenium.remote.RemoteWebDriver.get(RemoteWebDriver.java:277)\r\n\tat executar.AnaliseCamposTest.cliquei_no_campo(AnaliseCamposTest.java:21)\r\n\tat ✽.cliquei no campo 17(file:///D:/Desenvolvimento/Ambiente%20Cucumber/NewTravian/src/test/java/funcionalidades/teste.feature:17)\r\n",
              "duration": 12126000000,
              "status": "failed"
            },
            "line": 17,
            "name": "cliquei no campo 17",
            "match": {
              "arguments": [
                {
                  "val": "17",
                  "offset": 17
                }
              ],
              "location": "executar.AnaliseCamposTest.cliquei_no_campo(java.lang.Integer)"
            },
            "keyword": "E "
          },
          {
            "result": {
              "status": "skipped"
            },
            "line": 18,
            "name": "valido",
            "match": {
              "location": "executar.AnaliseCamposTest.valido()"
            },
            "keyword": "Entao "
          }
        ]
      },
      {
        "start_timestamp": "2021-03-11T03:52:05.553Z",
        "line": 39,
        "name": "Clicar no campo",
        "description": "",
        "id": "login-travian;clicar-no-campo;;19",
        "type": "scenario",
        "keyword": "Esquema do Cenario",
        "steps": [
          {
            "result": {
              "status": "passed"
            },
            "line": 16,
            "name": "loguei na conta",
            "match": {
              "location": "executar.AnaliseCamposTest.loguei_na_conta()"
            },
            "keyword": "Dado "
          },
          {
            "result": {
              "error_message": "org.openqa.selenium.WebDriverException: chrome not reachable\n  (Session info: chrome\u003d89.0.4389.72)\nBuild info: version: \u00273.141.59\u0027, revision: \u0027e82be7d358\u0027, time: \u00272018-11-14T08:17:03\u0027\nSystem info: host: \u0027DESKTOP-A1BRC91\u0027, ip: \u0027192.168.1.5\u0027, os.name: \u0027Windows 10\u0027, os.arch: \u0027amd64\u0027, os.version: \u002710.0\u0027, java.version: \u00271.8.0_281\u0027\nDriver info: org.openqa.selenium.chrome.ChromeDriver\nCapabilities {acceptInsecureCerts: false, browserName: chrome, browserVersion: 89.0.4389.72, chrome: {chromedriverVersion: 89.0.4389.23 (61b08ee2c5002..., userDataDir: C:\\Users\\Turbo\\AppData\\Loca...}, goog:chromeOptions: {debuggerAddress: localhost:64331}, javascriptEnabled: true, networkConnectionEnabled: false, pageLoadStrategy: normal, platform: WINDOWS, platformName: WINDOWS, proxy: Proxy(), setWindowRect: true, strictFileInteractability: false, timeouts: {implicit: 0, pageLoad: 300000, script: 30000}, unhandledPromptBehavior: dismiss and notify, webauthn:extension:largeBlob: true, webauthn:virtualAuthenticators: true}\nSession ID: a898cb2217164175f3bf59d66170779d\r\n\tat sun.reflect.NativeConstructorAccessorImpl.newInstance0(Native Method)\r\n\tat sun.reflect.NativeConstructorAccessorImpl.newInstance(NativeConstructorAccessorImpl.java:62)\r\n\tat sun.reflect.DelegatingConstructorAccessorImpl.newInstance(DelegatingConstructorAccessorImpl.java:45)\r\n\tat java.lang.reflect.Constructor.newInstance(Constructor.java:423)\r\n\tat org.openqa.selenium.remote.http.W3CHttpResponseCodec.createException(W3CHttpResponseCodec.java:187)\r\n\tat org.openqa.selenium.remote.http.W3CHttpResponseCodec.decode(W3CHttpResponseCodec.java:122)\r\n\tat org.openqa.selenium.remote.http.W3CHttpResponseCodec.decode(W3CHttpResponseCodec.java:49)\r\n\tat org.openqa.selenium.remote.HttpCommandExecutor.execute(HttpCommandExecutor.java:158)\r\n\tat org.openqa.selenium.remote.service.DriverCommandExecutor.execute(DriverCommandExecutor.java:83)\r\n\tat org.openqa.selenium.remote.RemoteWebDriver.execute(RemoteWebDriver.java:552)\r\n\tat org.openqa.selenium.remote.RemoteWebDriver.get(RemoteWebDriver.java:277)\r\n\tat executar.AnaliseCamposTest.cliquei_no_campo(AnaliseCamposTest.java:21)\r\n\tat ✽.cliquei no campo 18(file:///D:/Desenvolvimento/Ambiente%20Cucumber/NewTravian/src/test/java/funcionalidades/teste.feature:17)\r\n",
              "duration": 12147000000,
              "status": "failed"
            },
            "line": 17,
            "name": "cliquei no campo 18",
            "match": {
              "arguments": [
                {
                  "val": "18",
                  "offset": 17
                }
              ],
              "location": "executar.AnaliseCamposTest.cliquei_no_campo(java.lang.Integer)"
            },
            "keyword": "E "
          },
          {
            "result": {
              "status": "skipped"
            },
            "line": 18,
            "name": "valido",
            "match": {
              "location": "executar.AnaliseCamposTest.valido()"
            },
            "keyword": "Entao "
          }
        ]
      }
    ],
    "name": "Login Travian",
    "description": "  Como: Jogador \n  Quero: Realizar login\n  Para: Acessar minha conta travian",
    "id": "login-travian",
    "keyword": "Funcionalidade",
    "uri": "file:src/test/java/funcionalidades/teste.feature",
    "tags": []
  }
]